<?xml version="1.0" encoding="UTF-8"?>
<testng-results skipped="0" failed="0" ignored="0" total="4" passed="4">
  <reporter-output>
  </reporter-output>
  <suite name="Suite" duration-ms="130" started-at="2022-02-25T20:19:07 IST" finished-at="2022-02-25T20:19:08 IST">
    <groups>
    </groups>
    <test name="Test" duration-ms="130" started-at="2022-02-25T20:19:07 IST" finished-at="2022-02-25T20:19:08 IST">
      <class name="qaclickacademy.Mavenjava.AppiumTest">
        <test-method status="PASS" signature="IOSApps()[pri:0, instance:qaclickacademy.Mavenjava.AppiumTest@37d31475]" name="IOSApps" duration-ms="13" started-at="2022-02-25T20:19:08 IST" finished-at="2022-02-25T20:19:08 IST">
          <reporter-output>
          </reporter-output>
        </test-method> <!-- IOSApps -->
        <test-method status="PASS" signature="nativeAppAndriod()[pri:0, instance:qaclickacademy.Mavenjava.AppiumTest@37d31475]" name="nativeAppAndriod" duration-ms="0" started-at="2022-02-25T20:19:08 IST" finished-at="2022-02-25T20:19:08 IST">
          <reporter-output>
          </reporter-output>
        </test-method> <!-- nativeAppAndriod -->
      </class> <!-- qaclickacademy.Mavenjava.AppiumTest -->
      <class name="qaclickacademy.Mavenjava.SeleniumTest">
        <test-method status="PASS" signature="browserAutomation()[pri:0, instance:qaclickacademy.Mavenjava.SeleniumTest@38bc8ab5]" name="browserAutomation" duration-ms="1" started-at="2022-02-25T20:19:08 IST" finished-at="2022-02-25T20:19:08 IST">
          <reporter-output>
          </reporter-output>
        </test-method> <!-- browserAutomation -->
        <test-method status="PASS" signature="elementsUI()[pri:0, instance:qaclickacademy.Mavenjava.SeleniumTest@38bc8ab5]" name="elementsUI" duration-ms="1" started-at="2022-02-25T20:19:08 IST" finished-at="2022-02-25T20:19:08 IST">
          <reporter-output>
          </reporter-output>
        </test-method> <!-- elementsUI -->
      </class> <!-- qaclickacademy.Mavenjava.SeleniumTest -->
    </test> <!-- Test -->
  </suite> <!-- Suite -->
</testng-results>
